#
# An unexpected error has been detected by Java Runtime Environment:
#
#  EXCEPTION_ACCESS_VIOLATION (0xc0000005) at pc=0x6da669a2, pid=2560, tid=3276
#
# Java VM: Java HotSpot(TM) Client VM (11.3-b02 mixed mode windows-x86)
# Problematic frame:
# V  [jvm.dll+0x1b69a2]
#
# If you would like to submit a bug report, please visit:
#   http://java.sun.com/webapps/bugreport/crash.jsp
#

---------------  T H R E A D  ---------------

Current thread (0x00a08800):  JavaThread "JDWP Transport Listener: dt_socket" daemon [_thread_in_vm, id=3276, stack(0x0ad40000,0x0ad90000)]

siginfo: ExceptionCode=0xc0000005, reading address 0x0000000c

Registers:
EAX=0x00000000, EBX=0x0000000c, ECX=0x0000000c, EDX=0x00000000
ESP=0x0ad8fa4c, EBP=0x6d44e93c, ESI=0x0000000c, EDI=0x00000004
EIP=0x6da669a2, EFLAGS=0x00010202

Top of Stack: (sp=0x0ad8fa4c)
0x0ad8fa4c:   009ffd30 00000004 6da669e3 0000000c
0x0ad8fa5c:   00000004 6d44e0fc 009ffd30 6d44e93c
0x0ad8fa6c:   6d44e114 6d97b87d 0000000c 00000004
0x0ad8fa7c:   6d98bc6f 02b58b08 6d44e0fc 00a08914
0x0ad8fa8c:   6d44e93c 6d44e114 00a08800 00000000
0x0ad8fa9c:   6d449b79 00a08914 0ad8fae8 00a08d58
0x0ad8faac:   00a08d60 00a0914c 6d4362bd 00a08800
0x0ad8fabc:   00a0d76c 00000000 0ad8fae8 0ad8fc84 

Instructions: (pc=0x6da669a2)
0x6da66992:   7c 24 0c 33 c0 33 d2 85 ff 7e 2d 56 8b 74 24 0c
0x6da669a2:   66 8b 0c 56 66 83 f9 01 72 09 66 83 f9 7f 77 03 


Stack: [0x0ad40000,0x0ad90000],  sp=0x0ad8fa4c,  free space=318k
Native frames: (J=compiled Java code, j=interpreted, Vv=VM code, C=native code)
V  [jvm.dll+0x1b69a2]


---------------  P R O C E S S  ---------------

Java Threads: ( => current thread )
  0x00a1d800 JavaThread "Low Memory Detector" daemon [_thread_blocked, id=2328, stack(0x0ae80000,0x0aed0000)]
  0x00a1a000 JavaThread "CompilerThread0" daemon [_thread_blocked, id=5860, stack(0x0ae30000,0x0ae80000)]
  0x00a0d800 JavaThread "JDWP Command Reader" daemon [_thread_in_native, id=5548, stack(0x0ade0000,0x0ae30000)]
  0x00a0b000 JavaThread "JDWP Event Helper Thread" daemon [_thread_blocked, id=5736, stack(0x0ad90000,0x0ade0000)]
=>0x00a08800 JavaThread "JDWP Transport Listener: dt_socket" daemon [_thread_in_vm, id=3276, stack(0x0ad40000,0x0ad90000)]
  0x009fa400 JavaThread "Attach Listener" daemon [_thread_blocked, id=880, stack(0x0acc0000,0x0ad10000)]
  0x009f4400 JavaThread "Signal Dispatcher" daemon [_thread_blocked, id=2724, stack(0x0ac70000,0x0acc0000)]
  0x009e2c00 JavaThread "Finalizer" daemon [_thread_blocked, id=364, stack(0x0ac20000,0x0ac70000)]
  0x009de000 JavaThread "Reference Handler" daemon [_thread_blocked, id=4764, stack(0x0abd0000,0x0ac20000)]
  0x0084d000 JavaThread "main" [_thread_blocked, id=5064, stack(0x008e0000,0x00930000)]

Other Threads:
  0x009da800 VMThread [stack: 0x0ab80000,0x0abd0000] [id=5364]
  0x00a31400 WatcherThread [stack: 0x0aed0000,0x0af20000] [id=1340]

VM state:not at safepoint (normal execution)

VM Mutex/Monitor currently owned by a thread: None

Heap
 def new generation   total 960K, used 555K [0x02ae0000, 0x02be0000, 0x02fc0000)
  eden space 896K,  54% used [0x02ae0000, 0x02b5af88, 0x02bc0000)
  from space 64K, 100% used [0x02bc0000, 0x02bd0000, 0x02bd0000)
  to   space 64K,   0% used [0x02bd0000, 0x02bd0000, 0x02be0000)
 tenured generation   total 4096K, used 305K [0x02fc0000, 0x033c0000, 0x06ae0000)
   the space 4096K,   7% used [0x02fc0000, 0x0300c7c8, 0x0300c800, 0x033c0000)
 compacting perm gen  total 12288K, used 2579K [0x06ae0000, 0x076e0000, 0x0aae0000)
   the space 12288K,  20% used [0x06ae0000, 0x06d64df8, 0x06d64e00, 0x076e0000)
No shared spaces configured.

Dynamic libraries:
0x00400000 - 0x00424000 	D:\MyJava\Genuitec\Common\binary\com.sun.java.jdk.win32.x86_1.6.0.013\bin\javaw.exe
0x7c920000 - 0x7c9b6000 	C:\WINDOWS\system32\ntdll.dll
0x7c800000 - 0x7c91e000 	C:\WINDOWS\system32\kernel32.dll
0x77da0000 - 0x77e49000 	C:\WINDOWS\system32\ADVAPI32.dll
0x77e50000 - 0x77ee3000 	C:\WINDOWS\system32\RPCRT4.dll
0x77fc0000 - 0x77fd1000 	C:\WINDOWS\system32\Secur32.dll
0x77d10000 - 0x77da0000 	C:\WINDOWS\system32\USER32.dll
0x77ef0000 - 0x77f39000 	C:\WINDOWS\system32\GDI32.dll
0x76300000 - 0x7631d000 	C:\WINDOWS\system32\IMM32.DLL
0x62c20000 - 0x62c29000 	C:\WINDOWS\system32\LPK.DLL
0x73fa0000 - 0x7400b000 	C:\WINDOWS\system32\USP10.dll
0x7c340000 - 0x7c396000 	D:\MyJava\Genuitec\Common\binary\com.sun.java.jdk.win32.x86_1.6.0.013\jre\bin\msvcr71.dll
0x6d8b0000 - 0x6db06000 	D:\MyJava\Genuitec\Common\binary\com.sun.java.jdk.win32.x86_1.6.0.013\jre\bin\client\jvm.dll
0x76b10000 - 0x76b3a000 	C:\WINDOWS\system32\WINMM.dll
0x6d340000 - 0x6d348000 	D:\MyJava\Genuitec\Common\binary\com.sun.java.jdk.win32.x86_1.6.0.013\jre\bin\hpi.dll
0x76bc0000 - 0x76bcb000 	C:\WINDOWS\system32\PSAPI.DLL
0x6d430000 - 0x6d459000 	D:\MyJava\Genuitec\Common\binary\com.sun.java.jdk.win32.x86_1.6.0.013\jre\bin\jdwp.dll
0x6d750000 - 0x6d756000 	D:\MyJava\Genuitec\Common\binary\com.sun.java.jdk.win32.x86_1.6.0.013\jre\bin\npt.dll
0x6d860000 - 0x6d86c000 	D:\MyJava\Genuitec\Common\binary\com.sun.java.jdk.win32.x86_1.6.0.013\jre\bin\verify.dll
0x6d3e0000 - 0x6d3ff000 	D:\MyJava\Genuitec\Common\binary\com.sun.java.jdk.win32.x86_1.6.0.013\jre\bin\java.dll
0x6d8a0000 - 0x6d8af000 	D:\MyJava\Genuitec\Common\binary\com.sun.java.jdk.win32.x86_1.6.0.013\jre\bin\zip.dll
0x6d2b0000 - 0x6d2b7000 	D:\MyJava\Genuitec\Common\binary\com.sun.java.jdk.win32.x86_1.6.0.013\jre\bin\dt_socket.dll
0x71a20000 - 0x71a37000 	C:\WINDOWS\system32\WS2_32.dll
0x77be0000 - 0x77c38000 	C:\WINDOWS\system32\msvcrt.dll
0x71a10000 - 0x71a18000 	C:\WINDOWS\system32\WS2HELP.dll
0x719c0000 - 0x719fe000 	C:\WINDOWS\System32\mswsock.dll
0x76ef0000 - 0x76f17000 	C:\WINDOWS\system32\DNSAPI.dll
0x76d30000 - 0x76d48000 	C:\WINDOWS\system32\iphlpapi.dll
0x76f80000 - 0x76f88000 	C:\WINDOWS\System32\winrnr.dll
0x76f30000 - 0x76f5c000 	C:\WINDOWS\system32\WLDAP32.dll
0x76f90000 - 0x76f96000 	C:\WINDOWS\system32\rasadhlp.dll
0x60fd0000 - 0x61025000 	C:\WINDOWS\system32\hnetcfg.dll
0x71a00000 - 0x71a08000 	C:\WINDOWS\System32\wshtcpip.dll

VM Arguments:
jvm_args: -agentlib:jdwp=transport=dt_socket,suspend=y,address=localhost:5878 -Dfile.encoding=GBK 
java_command: kyle.leis.fs.dictionary.cargokind.test.CargokindTest
Launcher Type: SUN_STANDARD

Environment Variables:
JAVA_HOME=C:\Program Files\Java\jdk1.5.0_07
CLASSPATH=.;C:\Program Files\Java\jdk1.5.0_07\lib;C:\Program Files\Java\jdk1.5.0_07\lib\tools.jar
PATH=D:\MyJava\Genuitec\Common\binary\com.sun.java.jdk.win32.x86_1.6.0.013\jre\bin;D:/MyJava/Genuitec/Common/binary/com.sun.java.jdk.win32.x86_1.6.0.013/jre/bin/client;D:/MyJava/Genuitec/Common/binary/com.sun.java.jdk.win32.x86_1.6.0.013/jre/bin;C:\Program Files\PC Connectivity Solution\;C:\WINDOWS\system32;C:\WINDOWS;C:\WINDOWS\System32\Wbem;E:\oracle\product\10.2.0\db_3\bin;C:\Program Files\Java\jdk1.5.0_07\bin;C:\Program Files\Java\jdk1.5.0_07\jre\bin;
USERNAME=Administrator
OS=Windows_NT
PROCESSOR_IDENTIFIER=x86 Family 15 Model 127 Stepping 2, AuthenticAMD



---------------  S Y S T E M  ---------------

OS: Windows XP Build 2600 Service Pack 3

CPU:total 1 (1 cores per cpu, 1 threads per core) family 15 model 127 stepping 2, cmov, cx8, fxsr, mmx, sse, sse2, sse3, mmxext, 3dnow, 3dnowext

Memory: 4k page, physical 2097151k(1517476k free), swap 4096156k(2527256k free)

vm_info: Java HotSpot(TM) Client VM (11.3-b02) for windows-x86 JRE (1.6.0_13-b03), built on Mar  9 2009 01:15:24 by "java_re" with MS VC++ 7.1

time: Sat Aug 06 10:58:25 2016
elapsed time: 41 seconds

